<?xml version="1.0" encoding="UTF-8"?>
<testng-results ignored="0" total="0" passed="0" failed="0" skipped="0">
  <reporter-output>
  </reporter-output>
  <suite started-at="2024-12-31T16:50:15 EET" name="testcases.BaseTest" finished-at="2024-12-31T16:50:22 EET" duration-ms="7110">
    <groups>
    </groups>
    <test started-at="2024-12-31T16:50:15 EET" name="Command line test" finished-at="2024-12-31T16:50:22 EET" duration-ms="7110">
      <class name="testcases.BaseTest">
        <test-method is-config="true" signature="setup()[pri:0, instance:testcases.BaseTest@6f3b5d16]" started-at="2024-12-31T16:50:15 EET" name="setup" finished-at="2024-12-31T16:50:22 EET" duration-ms="7102" status="PASS">
          <reporter-output>
          </reporter-output>
        </test-method> <!-- setup -->
      </class> <!-- testcases.BaseTest -->
    </test> <!-- Command line test -->
  </suite> <!-- testcases.BaseTest -->
</testng-results>
